[ 2016-11-15T21:28:24+08:00 ] 127.0.0.1 /testThink/admin.php
INFO: [ app_init ] --START--
INFO: Run Behavior\BuildLiteBehavior [ RunTime:0.000091s ]
INFO: [ app_init ] --END-- [ RunTime:0.000554s ]
INFO: [ app_begin ] --START--
INFO: Run Behavior\ReadHtmlCacheBehavior [ RunTime:0.001753s ]
INFO: [ app_begin ] --END-- [ RunTime:0.002217s ]
INFO: [ view_parse ] --START--
INFO: [ template_filter ] --START--
INFO: Run Behavior\ContentReplaceBehavior [ RunTime:0.000273s ]
INFO: [ template_filter ] --END-- [ RunTime:0.000911s ]
INFO: Run Behavior\ParseTemplateBehavior [ RunTime:0.021704s ]
INFO: [ view_parse ] --END-- [ RunTime:0.022202s ]
INFO: [ view_filter ] --START--
INFO: Run Behavior\WriteHtmlCacheBehavior [ RunTime:0.001154s ]
INFO: [ view_filter ] --END-- [ RunTime:0.001578s ]
INFO: [ app_end ] --START--
INFO: Run Behavior\ShowPageTraceBehavior [ RunTime:0.001647s ]
INFO: [ app_end ] --END-- [ RunTime:0.002080s ]

[ 2016-11-15T21:32:39+08:00 ] 127.0.0.1 /testThink/admin.php
INFO: [ app_init ] --START--
INFO: Run Behavior\BuildLiteBehavior [ RunTime:0.000295s ]
INFO: [ app_init ] --END-- [ RunTime:0.008546s ]
INFO: [ app_begin ] --START--
INFO: Run Behavior\ReadHtmlCacheBehavior [ RunTime:0.004217s ]
INFO: [ app_begin ] --END-- [ RunTime:0.005269s ]
INFO: [ view_parse ] --START--
INFO: Run Behavior\ParseTemplateBehavior [ RunTime:0.005948s ]
INFO: [ view_parse ] --END-- [ RunTime:0.007134s ]
INFO: [ view_filter ] --START--
INFO: Run Behavior\WriteHtmlCacheBehavior [ RunTime:0.002439s ]
INFO: [ view_filter ] --END-- [ RunTime:0.003876s ]
INFO: [ app_end ] --START--
INFO: Run Behavior\ShowPageTraceBehavior [ RunTime:0.003785s ]
INFO: [ app_end ] --END-- [ RunTime:0.004854s ]

